<?xml version="1.0" encoding="UTF-8"?>
<!-- Generated by org.testng.reporters.JUnitReportReporter -->
<testsuite skipped="0" hostname="chenyuhuide-MacBook-Pro.local" name="testSuiteEditorLivetourPage.DeleteLivetour" tests="1" failures="0" timestamp="25 四月 2019 16:21:42 GMT" time="23.254" errors="0">
  <testcase name="copyLivetour" time="23.254" classname="testSuiteEditorLivetourPage.DeleteLivetour"/>
</testsuite> <!-- testSuiteEditorLivetourPage.DeleteLivetour -->
