<?xml version="1.0" encoding="UTF-8"?>
<!-- Generated by org.testng.reporters.JUnitReportReporter -->
<testsuite skipped="0" hostname="chenyuhuide-MacBook-Pro.local" name="testSuiteEditorBuildingListPage.DeleteLivetour" tests="1" failures="0" timestamp="03 六月 2019 14:11:58 GMT" time="26.778" errors="0">
  <testcase name="deleteLivetour" time="26.778" classname="testSuiteEditorBuildingListPage.DeleteLivetour"/>
</testsuite> <!-- testSuiteEditorBuildingListPage.DeleteLivetour -->
