<?xml version="1.0" encoding="UTF-8"?>
<!-- Generated by org.testng.reporters.JUnitReportReporter -->
<testsuite skipped="0" hostname="chenyuhuide-MacBook-Pro.local" name="apiAutomation.APIGetPanoInfo" tests="1" failures="0" timestamp="03 六月 2019 14:11:58 GMT" time="24.145" errors="0">
  <testcase name="checkCubemapReady" time="24.145" classname="apiAutomation.APIGetPanoInfo"/>
</testsuite> <!-- apiAutomation.APIGetPanoInfo -->
