<?xml version="1.0" encoding="UTF-8"?>
<!-- Generated by org.testng.reporters.JUnitReportReporter -->
<testsuite skipped="0" hostname="joy-MacBook-Pro.local" name="testSuiteEditorBuildingListPage.CopyLivetour" tests="1" failures="0" timestamp="08 七月 2019 13:52:37 GMT" time="26.711" errors="0">
  <testcase name="copyLivetour" time="26.711" classname="testSuiteEditorBuildingListPage.CopyLivetour"/>
</testsuite> <!-- testSuiteEditorBuildingListPage.CopyLivetour -->
