<?xml version="1.0" encoding="UTF-8"?>
<!-- Generated by org.testng.reporters.JUnitReportReporter -->
<testsuite skipped="0" hostname="chenyuhuide-MacBook-Pro.local" name="testSuitesLoginPage.AccountLogoutTest" tests="1" failures="0" timestamp="14 五月 2019 09:33:42 GMT" time="15.413" errors="0">
  <testcase name="accountLoginTest" time="15.413" classname="testSuitesLoginPage.AccountLogoutTest"/>
</testsuite> <!-- testSuitesLoginPage.AccountLogoutTest -->
