<?xml version="1.0" encoding="UTF-8"?>
<!-- Generated by org.testng.reporters.JUnitReportReporter -->
<testsuite skipped="0" hostname="chenyuhuide-MacBook-Pro.local" name="testSuitesLoginPage.AccountLoginTest" tests="1" failures="0" timestamp="08 四月 2019 09:11:52 GMT" time="8.512" errors="0">
  <testcase name="accountLoginTest" time="8.512" classname="testSuitesLoginPage.AccountLoginTest"/>
</testsuite> <!-- testSuitesLoginPage.AccountLoginTest -->
