<?xml version="1.0" encoding="UTF-8"?>
<!-- Generated by org.testng.reporters.JUnitReportReporter -->
<testsuite hostname="chenyuhuide-MacBook-Pro.local" failures="0" tests="1" name="com.vrmaker.signintest.Test_login_email" time="11.989" errors="0" timestamp="19 10æœˆ 2018 08:28:28 GMT" skipped="0">
  <testcase classname="com.vrmaker.signintest.Test_login_email" name="VRmakerLoginTest" time="11.989"/>
</testsuite> <!-- com.vrmaker.signintest.Test_login_email -->
