<?xml version="1.0" encoding="UTF-8"?>
<!-- Generated by org.testng.reporters.JUnitReportReporter -->
<testsuite skipped="0" hostname="chenyuhuide-MacBook-Pro.local" name="testSuitesLoginPage.AccountLoginTest" tests="1" failures="0" timestamp="03 六月 2019 14:11:58 GMT" time="7.557" errors="0">
  <testcase name="accountLoginTest" time="7.557" classname="testSuitesLoginPage.AccountLoginTest"/>
</testsuite> <!-- testSuitesLoginPage.AccountLoginTest -->
