<?xml version="1.0" encoding="UTF-8"?>
<!-- Generated by org.testng.reporters.JUnitReportReporter -->
<testsuite skipped="0" hostname="joy-MacBook-Pro.local" name="testSuiteEditorBuildingDetailPage.DeleteCustomIconTest" tests="1" failures="0" timestamp="12 六月 2019 02:59:59 GMT" time="52.361" errors="0">
  <testcase name="deleteCustomIcons" time="52.361" classname="testSuiteEditorBuildingDetailPage.DeleteCustomIconTest"/>
</testsuite> <!-- testSuiteEditorBuildingDetailPage.DeleteCustomIconTest -->
