<?xml version="1.0" encoding="UTF-8"?>
<!-- Generated by org.testng.reporters.JUnitReportReporter -->
<testsuite skipped="0" hostname="chenyuhuide-MacBook-Pro.local" name="testSuiteEditorLivetourPage.CopyLivetour" tests="1" failures="0" timestamp="30 四月 2019 06:05:51 GMT" time="25.774" errors="0">
  <testcase name="copyLivetour" time="25.774" classname="testSuiteEditorLivetourPage.CopyLivetour"/>
</testsuite> <!-- testSuiteEditorLivetourPage.CopyLivetour -->
