<?xml version="1.0" encoding="UTF-8"?>
<!-- Generated by org.testng.reporters.JUnitReportReporter -->
<testsuite skipped="0" hostname="chenyuhuide-MacBook-Pro.local" name="testSuiteEditorBuildingListPage.CreateNewLivetour" tests="1" failures="0" timestamp="14 五月 2019 09:04:45 GMT" time="23.913" errors="0">
  <testcase name="createNewLivetour" time="23.913" classname="testSuiteEditorBuildingListPage.CreateNewLivetour"/>
</testsuite> <!-- testSuiteEditorBuildingListPage.CreateNewLivetour -->
