<?xml version="1.0" encoding="UTF-8"?>
<!-- Generated by org.testng.reporters.JUnitReportReporter -->
<testsuite skipped="0" hostname="chenyuhuide-MacBook-Pro.local" name="testSuiteEditorBuildingListPage.CopyLivetour" tests="1" failures="0" timestamp="14 五月 2019 03:35:21 GMT" time="21.603" errors="0">
  <testcase name="copyLivetour" time="21.603" classname="testSuiteEditorBuildingListPage.CopyLivetour"/>
</testsuite> <!-- testSuiteEditorBuildingListPage.CopyLivetour -->
