<?xml version="1.0" encoding="UTF-8"?>
<!-- Generated by org.testng.reporters.JUnitReportReporter -->
<testsuite skipped="0" hostname="chenyuhuide-MacBook-Pro.local" name="testSuitesLoginPage.AccountLoginTest" tests="1" failures="0" timestamp="14 五月 2019 09:04:45 GMT" time="7.183" errors="0">
  <testcase name="accountLoginTest" time="7.183" classname="testSuitesLoginPage.AccountLoginTest"/>
</testsuite> <!-- testSuitesLoginPage.AccountLoginTest -->
