<?xml version="1.0" encoding="UTF-8"?>
<!-- Generated by org.testng.reporters.JUnitReportReporter -->
<testsuite skipped="0" hostname="chenyuhuide-MacBook-Pro.local" name="testSuiteEditorBuildingListPage.CreateNewLivetour" tests="1" failures="0" timestamp="03 六月 2019 14:11:58 GMT" time="23.539" errors="0">
  <testcase name="createNewLivetour" time="23.539" classname="testSuiteEditorBuildingListPage.CreateNewLivetour"/>
</testsuite> <!-- testSuiteEditorBuildingListPage.CreateNewLivetour -->
