<?xml version="1.0" encoding="UTF-8"?>
<!-- Generated by org.testng.reporters.JUnitReportReporter -->
<testsuite skipped="0" hostname="chenyuhuide-MacBook-Pro.local" name="testSuiteEditorLivetourPage.CreateNewLivetour" tests="1" failures="0" timestamp="30 四月 2019 02:27:16 GMT" time="23.649" errors="0">
  <testcase name="createNewLivetour" time="23.649" classname="testSuiteEditorLivetourPage.CreateNewLivetour"/>
</testsuite> <!-- testSuiteEditorLivetourPage.CreateNewLivetour -->
