<?xml version="1.0" encoding="UTF-8"?>
<!-- Generated by org.testng.reporters.JUnitReportReporter -->
<testsuite hostname="chenyuhuide-MacBook-Pro.local" failures="0" tests="1" name="testSuites.GoogleLoginTest" time="34.713" errors="0" timestamp="22 1æœˆ 2019 07:27:15 GMT" skipped="0">
  <testcase classname="testSuites.GoogleLoginTest" name="loginTest" time="34.713"/>
</testsuite> <!-- testSuites.GoogleLoginTest -->
