<?xml version="1.0" encoding="UTF-8"?>
<!-- Generated by org.testng.reporters.JUnitReportReporter -->
<testsuite skipped="0" hostname="chenyuhuide-MacBook-Pro.local" name="testSuiteEditorBuildingListPage.DeleteLivetour" tests="1" failures="0" timestamp="14 五月 2019 09:04:45 GMT" time="27.933" errors="0">
  <testcase name="copyLivetour" time="27.933" classname="testSuiteEditorBuildingListPage.DeleteLivetour"/>
</testsuite> <!-- testSuiteEditorBuildingListPage.DeleteLivetour -->
