<?xml version="1.0" encoding="UTF-8"?>
<!-- Generated by org.testng.reporters.JUnitReportReporter -->
<testsuite skipped="0" hostname="chenyuhuide-MBP" name="testSuiteEditorBuildingListPage.DeleteLivetour" tests="1" failures="0" timestamp="01 六月 2019 10:07:38 GMT" time="27.209" errors="0">
  <testcase name="deleteLivetour" time="27.209" classname="testSuiteEditorBuildingListPage.DeleteLivetour"/>
</testsuite> <!-- testSuiteEditorBuildingListPage.DeleteLivetour -->
