<?xml version="1.0" encoding="UTF-8"?>
<!-- Generated by org.testng.reporters.JUnitReportReporter -->
<testsuite skipped="0" hostname="joy-MacBook-Pro.local" name="testSuitesLoginPage.AccountLogoutTest" tests="1" failures="0" timestamp="11 七月 2019 06:36:48 GMT" time="21.506" errors="0">
  <testcase name="accountLoginTest" time="21.506" classname="testSuitesLoginPage.AccountLogoutTest"/>
</testsuite> <!-- testSuitesLoginPage.AccountLogoutTest -->
