<?xml version="1.0" encoding="UTF-8"?>
<!-- Generated by org.testng.reporters.JUnitReportReporter -->
<testsuite hostname="chenyuhuide-MacBook-Pro.local" failures="0" tests="2" name="testSuites.MainPageTest" time="15.986" errors="0" timestamp="11 1æœˆ 2019 07:24:20 GMT" skipped="0">
  <testcase classname="testSuites.MainPageTest" name="createEmptyLivetour" time="11.056"/>
  <testcase classname="testSuites.MainPageTest" name="loginTest" time="4.930"/>
</testsuite> <!-- testSuites.MainPageTest -->
