<?xml version="1.0" encoding="UTF-8"?>
<!-- Generated by org.testng.reporters.JUnitReportReporter -->
<testsuite skipped="0" hostname="joy-MacBook-Pro.local" name="testSuiteEditorBuildingListPage.CopyLivetour" tests="1" failures="0" timestamp="10 六月 2019 09:07:27 GMT" time="27.451" errors="0">
  <testcase name="copyLivetour" time="27.451" classname="testSuiteEditorBuildingListPage.CopyLivetour"/>
</testsuite> <!-- testSuiteEditorBuildingListPage.CopyLivetour -->
