<?xml version="1.0" encoding="UTF-8"?>
<!-- Generated by org.testng.reporters.JUnitReportReporter -->
<testsuite skipped="0" hostname="joy-MacBook-Pro.local" name="testSuiteEditorBuildingDetailPage.DeleteCustomIconTest" tests="1" failures="0" timestamp="10 六月 2019 06:22:10 GMT" time="55.932" errors="0">
  <testcase name="importPhotos" time="55.932" classname="testSuiteEditorBuildingDetailPage.DeleteCustomIconTest"/>
</testsuite> <!-- testSuiteEditorBuildingDetailPage.DeleteCustomIconTest -->
