<?xml version="1.0" encoding="UTF-8"?>
<!-- Generated by org.testng.reporters.JUnitReportReporter -->
<testsuite skipped="0" hostname="joy-MacBook-Pro.local" name="testSuiteEditorBuildingListPage.SearchBuilding" tests="1" failures="0" timestamp="11 七月 2019 06:36:48 GMT" time="24.081" errors="0">
  <testcase name="searchLivetour" time="24.081" classname="testSuiteEditorBuildingListPage.SearchBuilding"/>
</testsuite> <!-- testSuiteEditorBuildingListPage.SearchBuilding -->
