<?xml version="1.0" encoding="UTF-8"?>
<!-- Generated by org.testng.reporters.JUnitReportReporter -->
<testsuite hostname="chenyuhuide-MacBook-Pro.local" failures="0" tests="1" name="testSuites.HomePageTest" time="15.389" errors="0" timestamp="14 1æœˆ 2019 02:38:33 GMT" skipped="0">
  <testcase classname="testSuites.HomePageTest" name="loginTest" time="15.389"/>
</testsuite> <!-- testSuites.HomePageTest -->
