<?xml version="1.0" encoding="UTF-8"?>
<!-- Generated by org.testng.reporters.JUnitReportReporter -->
<testsuite skipped="0" hostname="joy-MacBook-Pro.local" name="testSuiteEditorBuildingDetailPage.ImportPhotosTest" tests="1" failures="0" timestamp="23 七月 2019 09:53:04 GMT" time="73.666" errors="0">
  <testcase name="importPhotos" time="73.666" classname="testSuiteEditorBuildingDetailPage.ImportPhotosTest"/>
</testsuite> <!-- testSuiteEditorBuildingDetailPage.ImportPhotosTest -->
