<?xml version="1.0" encoding="UTF-8"?>
<!-- Generated by org.testng.reporters.JUnitReportReporter -->
<testsuite skipped="0" hostname="chenyuhuide-MacBook-Pro.local" name="testSuiteEditorPage.CreateNewLivetour" tests="1" failures="0" timestamp="24 四月 2019 09:49:10 GMT" time="22.623" errors="0">
  <testcase name="createNewLivetour" time="22.623" classname="testSuiteEditorPage.CreateNewLivetour"/>
</testsuite> <!-- testSuiteEditorPage.CreateNewLivetour -->
