<?xml version="1.0" encoding="UTF-8"?>
<!-- Generated by org.testng.reporters.JUnitReportReporter -->
<testsuite skipped="0" hostname="chenyuhuide-MacBook-Pro.local" name="testSuitesLoginPage.GoogleLoginTest" tests="1" failures="0" timestamp="10 四月 2019 13:42:33 GMT" time="16.529" errors="0">
  <testcase name="googleLoginTest" time="16.529" classname="testSuitesLoginPage.GoogleLoginTest"/>
</testsuite> <!-- testSuitesLoginPage.GoogleLoginTest -->
