<?xml version="1.0" encoding="UTF-8"?>
<!-- Generated by org.testng.reporters.JUnitReportReporter -->
<testsuite skipped="0" hostname="chenyuhuide-MacBook-Pro.local" name="testSuiteEditorPage.CopyLivetour" tests="1" failures="0" timestamp="24 四月 2019 09:48:31 GMT" time="27.780" errors="0">
  <testcase name="copyLivetour" time="27.780" classname="testSuiteEditorPage.CopyLivetour"/>
</testsuite> <!-- testSuiteEditorPage.CopyLivetour -->
