<?xml version="1.0" encoding="UTF-8"?>
<!-- Generated by org.testng.reporters.JUnitReportReporter -->
<testsuite skipped="0" hostname="chenyuhuide-MacBook-Pro.local" name="testSuiteEditorPage.DeleteLivetour" tests="1" failures="0" timestamp="24 四月 2019 09:58:14 GMT" time="26.532" errors="0">
  <testcase name="copyLivetour" time="26.532" classname="testSuiteEditorPage.DeleteLivetour"/>
</testsuite> <!-- testSuiteEditorPage.DeleteLivetour -->
