<?xml version="1.0" encoding="UTF-8"?>
<!-- Generated by org.testng.reporters.JUnitReportReporter -->
<testsuite skipped="0" hostname="joy-MacBook-Pro.local" name="testSuiteEditorBuildingDetailPage.ImportPhotos" tests="1" failures="0" timestamp="04 六月 2019 02:11:12 GMT" time="43.399" errors="0">
  <testcase name="importPhotos" time="43.399" classname="testSuiteEditorBuildingDetailPage.ImportPhotos"/>
</testsuite> <!-- testSuiteEditorBuildingDetailPage.ImportPhotos -->
