<?xml version="1.0" encoding="UTF-8"?>
<!-- Generated by org.testng.reporters.JUnitReportReporter -->
<testsuite skipped="0" hostname="chenyuhuide-MacBook-Pro.local" name="testSuiteEditorBuildingListPage.SearchBuilding" tests="1" failures="0" timestamp="02 六月 2019 15:18:52 GMT" time="25.178" errors="0">
  <testcase name="searchLivetour" time="25.178" classname="testSuiteEditorBuildingListPage.SearchBuilding"/>
</testsuite> <!-- testSuiteEditorBuildingListPage.SearchBuilding -->
