<?xml version="1.0" encoding="UTF-8"?>
<!-- Generated by org.testng.reporters.JUnitReportReporter -->
<testsuite skipped="0" hostname="joy-MacBook-Pro.local" name="testSuiteEditorBuildingDetailPage.AddCustomIconTest" tests="1" failures="0" timestamp="07 六月 2019 03:52:23 GMT" time="87.842" errors="0">
  <testcase name="importPhotos" time="87.842" classname="testSuiteEditorBuildingDetailPage.AddCustomIconTest"/>
</testsuite> <!-- testSuiteEditorBuildingDetailPage.AddCustomIconTest -->
