<?xml version="1.0" encoding="UTF-8"?>
<!-- Generated by org.testng.reporters.JUnitReportReporter -->
<testsuite hostname="chenyuhuide-MacBook-Pro.local" failures="0" tests="1" name="testSuites.LoginPageTest" time="5.772" errors="0" timestamp="29 1æœˆ 2019 03:53:37 GMT" skipped="0">
  <testcase classname="testSuites.LoginPageTest" name="loginTest" time="5.772"/>
</testsuite> <!-- testSuites.LoginPageTest -->
