<?xml version="1.0" encoding="UTF-8"?>
<!-- Generated by org.testng.reporters.JUnitReportReporter -->
<testsuite skipped="0" hostname="joy-MacBook-Pro.local" name="testSuiteEditorBuildingDetailPage.AddCustomIconTest" tests="1" failures="0" timestamp="25 七月 2019 12:48:51 GMT" time="84.604" errors="0">
  <testcase name="addCustomIcons" time="84.604" classname="testSuiteEditorBuildingDetailPage.AddCustomIconTest"/>
</testsuite> <!-- testSuiteEditorBuildingDetailPage.AddCustomIconTest -->
