<?xml version="1.0" encoding="UTF-8"?>
<!-- Generated by org.testng.reporters.JUnitReportReporter -->
<testsuite skipped="0" hostname="chenyuhuide-MacBook-Pro.local" name="testSuiteEditorBuildingDetailPage.ImportPhotos" tests="1" failures="0" timestamp="14 五月 2019 08:30:16 GMT" time="48.593" errors="0">
  <testcase name="importPhotos" time="48.593" classname="testSuiteEditorBuildingDetailPage.ImportPhotos"/>
</testsuite> <!-- testSuiteEditorBuildingDetailPage.ImportPhotos -->
