<?xml version="1.0" encoding="UTF-8"?>
<!-- Generated by org.testng.reporters.JUnitReportReporter -->
<testsuite skipped="0" hostname="joy-MacBook-Pro.local" name="testSuiteEditorBuildingDetailPage.ImportPhotosTest" tests="1" failures="0" timestamp="12 六月 2019 02:57:39 GMT" time="67.497" errors="0">
  <testcase name="importPhotos" time="67.497" classname="testSuiteEditorBuildingDetailPage.ImportPhotosTest"/>
</testsuite> <!-- testSuiteEditorBuildingDetailPage.ImportPhotosTest -->
