<?xml version="1.0" encoding="UTF-8"?>
<!-- Generated by org.testng.reporters.JUnitReportReporter -->
<testsuite skipped="0" hostname="joy-MacBook-Pro.local" name="testSuiteEditorBuildingListPage.CreateNewLivetour" tests="1" failures="0" timestamp="11 七月 2019 06:36:48 GMT" time="45.279" errors="0">
  <testcase name="createNewLivetour" time="45.279" classname="testSuiteEditorBuildingListPage.CreateNewLivetour"/>
</testsuite> <!-- testSuiteEditorBuildingListPage.CreateNewLivetour -->
