<?xml version="1.0" encoding="UTF-8"?>
<!-- Generated by org.testng.reporters.JUnitReportReporter -->
<testsuite skipped="0" hostname="joy-MacBook-Pro.local" name="testSuiteEditorBuildingDetailPage.AddCustomIconTest" tests="1" failures="0" timestamp="12 六月 2019 02:48:07 GMT" time="71.317" errors="0">
  <testcase name="addCustomIcons" time="71.317" classname="testSuiteEditorBuildingDetailPage.AddCustomIconTest"/>
</testsuite> <!-- testSuiteEditorBuildingDetailPage.AddCustomIconTest -->
