<?xml version="1.0" encoding="UTF-8"?>
<!-- Generated by org.testng.reporters.JUnitReportReporter -->
<testsuite skipped="0" hostname="chenyuhuide-MacBook-Pro.local" name="apiAutomation.APIGetPanoInfo" tests="1" failures="0" timestamp="01 六月 2019 03:09:17 GMT" time="34.452" errors="0">
  <testcase name="checkCubemapReady" time="34.452" classname="apiAutomation.APIGetPanoInfo"/>
</testsuite> <!-- apiAutomation.APIGetPanoInfo -->
