<?xml version="1.0" encoding="UTF-8"?>
<!-- Generated by org.testng.reporters.JUnitReportReporter -->
<testsuite skipped="0" hostname="joy-MacBook-Pro.local" name="testSuiteEditorBuildingDetailPage.DeleteCustomIconTest" tests="1" failures="0" timestamp="10 六月 2019 09:29:40 GMT" time="57.128" errors="0">
  <testcase name="deleteCustomIcons" time="57.128" classname="testSuiteEditorBuildingDetailPage.DeleteCustomIconTest"/>
</testsuite> <!-- testSuiteEditorBuildingDetailPage.DeleteCustomIconTest -->
