<?xml version="1.0" encoding="UTF-8"?>
<!-- Generated by org.testng.reporters.JUnitReportReporter -->
<testsuite skipped="0" hostname="chenyuhuide-MacBook-Pro.local" name="testSuiteEditorBuildingDetailPage.ImportPhotos" tests="1" failures="0" timestamp="03 六月 2019 15:17:29 GMT" time="69.766" errors="0">
  <testcase name="importPhotos" time="69.766" classname="testSuiteEditorBuildingDetailPage.ImportPhotos"/>
</testsuite> <!-- testSuiteEditorBuildingDetailPage.ImportPhotos -->
