<?xml version="1.0" encoding="UTF-8"?>
<!-- Generated by org.testng.reporters.JUnitReportReporter -->
<testsuite skipped="0" hostname="chenyuhuide-MacBook-Pro.local" name="testSuitesLoginPage.AccountLoginTest" tests="1" failures="0" timestamp="10 四月 2019 13:32:18 GMT" time="6.924" errors="0">
  <testcase name="accountLoginTest" time="6.924" classname="testSuitesLoginPage.AccountLoginTest"/>
</testsuite> <!-- testSuitesLoginPage.AccountLoginTest -->
