<?xml version="1.0" encoding="UTF-8"?>
<!-- Generated by org.testng.reporters.JUnitReportReporter -->
<testsuite skipped="0" hostname="joy-MacBook-Pro.local" name="testSuiteEditorBuildingDetailPage.DeleteCustomIconTest" tests="1" failures="0" timestamp="10 六月 2019 07:46:54 GMT" time="54.337" errors="0">
  <testcase name="deleteCustomIcon" time="54.337" classname="testSuiteEditorBuildingDetailPage.DeleteCustomIconTest"/>
</testsuite> <!-- testSuiteEditorBuildingDetailPage.DeleteCustomIconTest -->
