<?xml version="1.0" encoding="UTF-8"?>
<!-- Generated by org.testng.reporters.JUnitReportReporter -->
<testsuite skipped="0" hostname="chenyuhuide-MacBook-Pro.local" name="testSuitesLoginPage.CreateAccountTest" tests="1" failures="0" timestamp="10 四月 2019 03:44:19 GMT" time="13.923" errors="0">
  <testcase name="createNewAccount" time="13.923" classname="testSuitesLoginPage.CreateAccountTest"/>
</testsuite> <!-- testSuitesLoginPage.CreateAccountTest -->
