<?xml version="1.0" encoding="UTF-8"?>
<!-- Generated by org.testng.reporters.JUnitReportReporter -->
<testsuite skipped="0" hostname="joy-MacBook-Pro.local" name="testSuiteEditorBuildingDetailPage.AddCustomIconTest" tests="1" failures="0" timestamp="10 六月 2019 07:45:46 GMT" time="88.569" errors="0">
  <testcase name="addCustomIcons" time="88.569" classname="testSuiteEditorBuildingDetailPage.AddCustomIconTest"/>
</testsuite> <!-- testSuiteEditorBuildingDetailPage.AddCustomIconTest -->
