<?xml version="1.0" encoding="UTF-8"?>
<!-- Generated by org.testng.reporters.JUnitReportReporter -->
<testsuite skipped="0" hostname="joy-MacBook-Pro.local" name="testSuiteEditorBuildingListPage.CreateNewLivetour" tests="1" failures="0" timestamp="12 六月 2019 02:55:12 GMT" time="38.813" errors="0">
  <testcase name="createNewLivetour" time="38.813" classname="testSuiteEditorBuildingListPage.CreateNewLivetour"/>
</testsuite> <!-- testSuiteEditorBuildingListPage.CreateNewLivetour -->
