<?xml version="1.0" encoding="UTF-8"?>
<!-- Generated by org.testng.reporters.JUnitReportReporter -->
<testsuite skipped="0" hostname="joy-MacBook-Pro.local" name="testSuiteEditorBuildingDetailPage.DeleteCustomIconTest" tests="1" failures="0" timestamp="25 七月 2019 12:52:24 GMT" time="86.516" errors="0">
  <testcase name="deleteCustomIcons" time="86.516" classname="testSuiteEditorBuildingDetailPage.DeleteCustomIconTest"/>
</testsuite> <!-- testSuiteEditorBuildingDetailPage.DeleteCustomIconTest -->
